[2020-04-13 05:39:26,504 UTC] [tuf] [DEBUG] [add_console_handler:323@log.py]
Added a console handler.

[2020-04-13 05:39:26,504 UTC] [tuf.repository_tool] [WARNING] [<module>:106@repository_tool.py]
Warning: The repository and developer tools require additional libraries, which can be installed as follows:
 $ pip install tuf[tools]

[2020-04-13 05:39:27,178 UTC] [tuf] [DEBUG] [add_console_handler:323@log.py]
Added a console handler.

[2020-04-13 05:39:27,179 UTC] [tuf.repository_tool] [WARNING] [<module>:106@repository_tool.py]
Warning: The repository and developer tools require additional libraries, which can be installed as follows:
 $ pip install tuf[tools]

[2020-04-13 05:41:45,944 UTC] [tuf] [DEBUG] [add_console_handler:323@log.py]
Added a console handler.

[2020-04-13 05:41:45,946 UTC] [tuf.repository_tool] [WARNING] [<module>:106@repository_tool.py]
Warning: The repository and developer tools require additional libraries, which can be installed as follows:
 $ pip install tuf[tools]

[2020-04-13 05:41:46,915 UTC] [tuf] [DEBUG] [add_console_handler:323@log.py]
Added a console handler.

[2020-04-13 05:41:46,916 UTC] [tuf.repository_tool] [WARNING] [<module>:106@repository_tool.py]
Warning: The repository and developer tools require additional libraries, which can be installed as follows:
 $ pip install tuf[tools]

[2020-04-13 05:41:49,662 UTC] [tuf] [DEBUG] [add_console_handler:323@log.py]
Added a console handler.

[2020-04-13 05:41:49,663 UTC] [tuf.repository_tool] [WARNING] [<module>:106@repository_tool.py]
Warning: The repository and developer tools require additional libraries, which can be installed as follows:
 $ pip install tuf[tools]

[2020-04-13 05:41:49,997 UTC] [tuf] [DEBUG] [add_console_handler:323@log.py]
Added a console handler.

[2020-04-13 05:41:49,997 UTC] [tuf.repository_tool] [WARNING] [<module>:106@repository_tool.py]
Warning: The repository and developer tools require additional libraries, which can be installed as follows:
 $ pip install tuf[tools]

[2020-04-13 05:42:13,474 UTC] [tuf] [DEBUG] [add_console_handler:323@log.py]
Added a console handler.

[2020-04-13 05:42:13,474 UTC] [tuf.repository_tool] [WARNING] [<module>:106@repository_tool.py]
Warning: The repository and developer tools require additional libraries, which can be installed as follows:
 $ pip install tuf[tools]

[2020-04-13 05:42:13,495 UTC] [tuf] [DEBUG] [add_console_handler:323@log.py]
Added a console handler.

[2020-04-13 05:42:13,495 UTC] [tuf.repository_tool] [WARNING] [<module>:106@repository_tool.py]
Warning: The repository and developer tools require additional libraries, which can be installed as follows:
 $ pip install tuf[tools]

[2020-04-13 05:42:24,717 UTC] [tuf] [DEBUG] [add_console_handler:323@log.py]
Added a console handler.

[2020-04-13 05:42:24,717 UTC] [tuf.repository_tool] [WARNING] [<module>:106@repository_tool.py]
Warning: The repository and developer tools require additional libraries, which can be installed as follows:
 $ pip install tuf[tools]

[2020-04-13 05:42:24,727 UTC] [tuf] [DEBUG] [add_console_handler:323@log.py]
Added a console handler.

[2020-04-13 05:42:24,728 UTC] [tuf.repository_tool] [WARNING] [<module>:106@repository_tool.py]
Warning: The repository and developer tools require additional libraries, which can be installed as follows:
 $ pip install tuf[tools]

[2020-04-13 05:42:31,460 UTC] [tuf] [DEBUG] [add_console_handler:323@log.py]
Added a console handler.

[2020-04-13 05:42:31,461 UTC] [tuf.repository_tool] [WARNING] [<module>:106@repository_tool.py]
Warning: The repository and developer tools require additional libraries, which can be installed as follows:
 $ pip install tuf[tools]

[2020-04-13 05:42:31,462 UTC] [tuf] [DEBUG] [add_console_handler:323@log.py]
Added a console handler.

[2020-04-13 05:42:31,463 UTC] [tuf.repository_tool] [WARNING] [<module>:106@repository_tool.py]
Warning: The repository and developer tools require additional libraries, which can be installed as follows:
 $ pip install tuf[tools]

[2020-04-13 05:45:23,558 UTC] [tuf] [DEBUG] [add_console_handler:323@log.py]
Added a console handler.

[2020-04-13 05:45:23,558 UTC] [tuf.repository_tool] [WARNING] [<module>:106@repository_tool.py]
Warning: The repository and developer tools require additional libraries, which can be installed as follows:
 $ pip install tuf[tools]

[2020-04-13 05:45:23,576 UTC] [tuf] [DEBUG] [add_console_handler:323@log.py]
Added a console handler.

[2020-04-13 05:45:23,576 UTC] [tuf.repository_tool] [WARNING] [<module>:106@repository_tool.py]
Warning: The repository and developer tools require additional libraries, which can be installed as follows:
 $ pip install tuf[tools]

[2020-04-13 05:45:31,645 UTC] [tuf] [DEBUG] [add_console_handler:323@log.py]
Added a console handler.

[2020-04-13 05:45:31,645 UTC] [tuf.repository_tool] [WARNING] [<module>:106@repository_tool.py]
Warning: The repository and developer tools require additional libraries, which can be installed as follows:
 $ pip install tuf[tools]

[2020-04-13 05:45:32,453 UTC] [tuf] [DEBUG] [add_console_handler:323@log.py]
Added a console handler.

[2020-04-13 05:45:32,453 UTC] [tuf.repository_tool] [WARNING] [<module>:106@repository_tool.py]
Warning: The repository and developer tools require additional libraries, which can be installed as follows:
 $ pip install tuf[tools]

[2020-04-13 05:51:27,488 UTC] [tuf] [DEBUG] [add_console_handler:323@log.py]
Added a console handler.

[2020-04-13 05:51:27,489 UTC] [tuf.repository_tool] [WARNING] [<module>:106@repository_tool.py]
Warning: The repository and developer tools require additional libraries, which can be installed as follows:
 $ pip install tuf[tools]

[2020-04-13 05:51:27,512 UTC] [tuf] [DEBUG] [add_console_handler:323@log.py]
Added a console handler.

[2020-04-13 05:51:27,512 UTC] [tuf.repository_tool] [WARNING] [<module>:106@repository_tool.py]
Warning: The repository and developer tools require additional libraries, which can be installed as follows:
 $ pip install tuf[tools]

[2020-04-13 05:54:52,809 UTC] [tuf] [DEBUG] [add_console_handler:323@log.py]
Added a console handler.

[2020-04-13 05:54:53,710 UTC] [tuf] [DEBUG] [add_console_handler:323@log.py]
Added a console handler.

[2020-04-13 05:59:28,639 UTC] [tuf] [DEBUG] [add_console_handler:323@log.py]
Added a console handler.

[2020-04-13 05:59:29,264 UTC] [tuf] [DEBUG] [add_console_handler:323@log.py]
Added a console handler.

[2020-04-13 06:33:38,266 UTC] [tuf] [DEBUG] [add_console_handler:323@log.py]
Added a console handler.

[2020-04-13 06:33:38,283 UTC] [tuf] [DEBUG] [add_console_handler:323@log.py]
Added a console handler.

[2020-04-13 06:34:08,070 UTC] [tuf] [DEBUG] [add_console_handler:323@log.py]
Added a console handler.

[2020-04-13 06:34:08,190 UTC] [tuf] [DEBUG] [add_console_handler:323@log.py]
Added a console handler.

[2020-04-13 06:34:16,382 UTC] [tuf] [DEBUG] [add_console_handler:323@log.py]
Added a console handler.

[2020-04-13 06:34:16,410 UTC] [tuf] [DEBUG] [add_console_handler:323@log.py]
Added a console handler.

[2020-04-13 06:34:21,041 UTC] [tuf] [DEBUG] [add_console_handler:323@log.py]
Added a console handler.

[2020-04-13 06:34:21,055 UTC] [tuf] [DEBUG] [add_console_handler:323@log.py]
Added a console handler.

[2020-04-13 06:34:32,368 UTC] [tuf] [DEBUG] [add_console_handler:323@log.py]
Added a console handler.

[2020-04-13 06:34:32,382 UTC] [tuf] [DEBUG] [add_console_handler:323@log.py]
Added a console handler.

[2020-04-13 06:43:39,586 UTC] [tuf] [DEBUG] [add_console_handler:323@log.py]
Added a console handler.

[2020-04-13 06:43:39,617 UTC] [tuf] [DEBUG] [add_console_handler:323@log.py]
Added a console handler.

[2020-04-13 06:45:51,284 UTC] [tuf] [DEBUG] [add_console_handler:323@log.py]
Added a console handler.

[2020-04-13 06:45:51,359 UTC] [tuf] [DEBUG] [add_console_handler:323@log.py]
Added a console handler.

[2020-04-13 06:45:52,225 UTC] [tuf] [DEBUG] [add_console_handler:323@log.py]
Added a console handler.

[2020-04-13 06:45:53,343 UTC] [tuf] [DEBUG] [add_console_handler:323@log.py]
Added a console handler.

[2020-04-13 06:46:36,685 UTC] [tuf] [DEBUG] [add_console_handler:323@log.py]
Added a console handler.

[2020-04-13 06:46:36,685 UTC] [tuf] [DEBUG] [add_console_handler:323@log.py]
Added a console handler.

[2020-04-13 06:46:53,323 UTC] [tuf] [DEBUG] [add_console_handler:323@log.py]
Added a console handler.

[2020-04-13 06:46:53,546 UTC] [tuf] [DEBUG] [add_console_handler:323@log.py]
Added a console handler.

[2020-04-13 06:49:46,189 UTC] [tuf] [DEBUG] [add_console_handler:323@log.py]
Added a console handler.

[2020-04-13 06:49:46,252 UTC] [tuf] [DEBUG] [add_console_handler:323@log.py]
Added a console handler.

[2020-04-13 06:51:09,784 UTC] [tuf] [DEBUG] [add_console_handler:323@log.py]
Added a console handler.

[2020-04-13 06:51:09,786 UTC] [tuf] [DEBUG] [add_console_handler:323@log.py]
Added a console handler.

[2020-04-13 06:51:26,627 UTC] [tuf] [DEBUG] [add_console_handler:323@log.py]
Added a console handler.

[2020-04-13 06:51:27,673 UTC] [tuf] [DEBUG] [add_console_handler:323@log.py]
Added a console handler.

[2020-04-13 06:53:26,158 UTC] [tuf] [DEBUG] [add_console_handler:323@log.py]
Added a console handler.

[2020-04-13 06:53:26,205 UTC] [tuf] [DEBUG] [add_console_handler:323@log.py]
Added a console handler.

[2020-04-13 06:54:11,995 UTC] [tuf] [DEBUG] [add_console_handler:323@log.py]
Added a console handler.

[2020-04-13 06:54:12,973 UTC] [tuf] [DEBUG] [add_console_handler:323@log.py]
Added a console handler.

[2020-04-13 06:54:41,098 UTC] [tuf] [DEBUG] [add_console_handler:323@log.py]
Added a console handler.

[2020-04-13 06:54:41,989 UTC] [tuf] [DEBUG] [add_console_handler:323@log.py]
Added a console handler.

[2020-04-13 06:57:31,060 UTC] [tuf] [DEBUG] [add_console_handler:323@log.py]
Added a console handler.

[2020-04-13 06:57:35,036 UTC] [tuf] [DEBUG] [add_console_handler:323@log.py]
Added a console handler.

[2020-04-13 06:57:36,050 UTC] [tuf] [DEBUG] [add_console_handler:323@log.py]
Added a console handler.

[2020-04-13 06:58:41,212 UTC] [tuf] [DEBUG] [add_console_handler:323@log.py]
Added a console handler.

[2020-04-13 06:58:41,260 UTC] [tuf] [DEBUG] [add_console_handler:323@log.py]
Added a console handler.

[2020-04-13 06:59:02,363 UTC] [tuf] [DEBUG] [add_console_handler:323@log.py]
Added a console handler.

[2020-04-13 06:59:02,397 UTC] [tuf] [DEBUG] [add_console_handler:323@log.py]
Added a console handler.

[2020-04-13 07:26:40,649 UTC] [tuf] [DEBUG] [add_console_handler:323@log.py]
Added a console handler.

[2020-04-13 07:26:40,683 UTC] [tuf] [DEBUG] [add_console_handler:323@log.py]
Added a console handler.

[2020-04-13 07:27:06,239 UTC] [tuf] [DEBUG] [add_console_handler:323@log.py]
Added a console handler.

[2020-04-13 07:27:06,336 UTC] [tuf] [DEBUG] [add_console_handler:323@log.py]
Added a console handler.

[2020-04-13 07:44:37,412 UTC] [tuf] [DEBUG] [add_console_handler:323@log.py]
Added a console handler.

[2020-04-13 07:44:37,415 UTC] [tuf] [DEBUG] [add_console_handler:323@log.py]
Added a console handler.

[2020-04-13 07:45:11,653 UTC] [tuf] [DEBUG] [add_console_handler:323@log.py]
Added a console handler.

[2020-04-13 07:45:11,679 UTC] [tuf] [DEBUG] [add_console_handler:323@log.py]
Added a console handler.

[2020-04-13 07:45:14,979 UTC] [tuf] [DEBUG] [add_console_handler:323@log.py]
Added a console handler.

[2020-04-13 07:45:14,997 UTC] [tuf] [DEBUG] [add_console_handler:323@log.py]
Added a console handler.

[2020-04-13 07:45:34,756 UTC] [tuf] [DEBUG] [add_console_handler:323@log.py]
Added a console handler.

[2020-04-13 07:45:34,887 UTC] [tuf] [DEBUG] [add_console_handler:323@log.py]
Added a console handler.

[2020-04-13 07:45:42,239 UTC] [tuf] [DEBUG] [add_console_handler:323@log.py]
Added a console handler.

[2020-04-13 07:45:42,265 UTC] [tuf] [DEBUG] [add_console_handler:323@log.py]
Added a console handler.

[2020-04-13 07:45:54,037 UTC] [tuf] [DEBUG] [add_console_handler:323@log.py]
Added a console handler.

[2020-04-13 07:45:54,895 UTC] [tuf] [DEBUG] [add_console_handler:323@log.py]
Added a console handler.

[2020-04-13 07:46:17,799 UTC] [tuf] [DEBUG] [add_console_handler:323@log.py]
Added a console handler.

[2020-04-13 07:46:18,823 UTC] [tuf] [DEBUG] [add_console_handler:323@log.py]
Added a console handler.

[2020-04-13 07:46:41,082 UTC] [tuf] [DEBUG] [add_console_handler:323@log.py]
Added a console handler.

[2020-04-13 07:46:41,572 UTC] [tuf] [DEBUG] [add_console_handler:323@log.py]
Added a console handler.

[2020-04-13 07:48:07,582 UTC] [tuf] [DEBUG] [add_console_handler:323@log.py]
Added a console handler.

[2020-04-13 07:48:07,610 UTC] [tuf] [DEBUG] [add_console_handler:323@log.py]
Added a console handler.

[2020-04-13 07:50:03,122 UTC] [tuf] [DEBUG] [add_console_handler:323@log.py]
Added a console handler.

[2020-04-13 07:50:03,338 UTC] [tuf] [DEBUG] [add_console_handler:323@log.py]
Added a console handler.

[2020-04-13 07:50:14,635 UTC] [tuf] [DEBUG] [add_console_handler:323@log.py]
Added a console handler.

[2020-04-13 07:50:14,764 UTC] [tuf] [DEBUG] [add_console_handler:323@log.py]
Added a console handler.

[2020-04-13 07:50:31,686 UTC] [tuf] [DEBUG] [add_console_handler:323@log.py]
Added a console handler.

[2020-04-13 07:50:31,834 UTC] [tuf] [DEBUG] [add_console_handler:323@log.py]
Added a console handler.

[2020-04-13 07:52:08,737 UTC] [tuf] [DEBUG] [add_console_handler:323@log.py]
Added a console handler.

[2020-04-13 07:52:08,817 UTC] [tuf] [DEBUG] [add_console_handler:323@log.py]
Added a console handler.

[2020-04-13 07:53:35,972 UTC] [tuf] [DEBUG] [add_console_handler:323@log.py]
Added a console handler.

[2020-04-13 07:53:35,985 UTC] [tuf] [DEBUG] [add_console_handler:323@log.py]
Added a console handler.

[2020-04-13 07:53:59,842 UTC] [tuf] [DEBUG] [add_console_handler:323@log.py]
Added a console handler.

[2020-04-13 07:54:00,227 UTC] [tuf] [DEBUG] [add_console_handler:323@log.py]
Added a console handler.

[2020-04-13 07:54:13,330 UTC] [tuf] [DEBUG] [add_console_handler:323@log.py]
Added a console handler.

[2020-04-13 07:54:14,219 UTC] [tuf] [DEBUG] [add_console_handler:323@log.py]
Added a console handler.

[2020-04-13 07:57:54,302 UTC] [tuf] [DEBUG] [add_console_handler:323@log.py]
Added a console handler.

[2020-04-13 07:57:54,306 UTC] [tuf] [DEBUG] [add_console_handler:323@log.py]
Added a console handler.

[2020-04-13 07:58:11,708 UTC] [tuf] [DEBUG] [add_console_handler:323@log.py]
Added a console handler.

[2020-04-13 07:58:11,729 UTC] [tuf] [DEBUG] [add_console_handler:323@log.py]
Added a console handler.

[2020-04-13 07:58:26,230 UTC] [tuf] [DEBUG] [add_console_handler:323@log.py]
Added a console handler.

[2020-04-13 07:58:27,424 UTC] [tuf] [DEBUG] [add_console_handler:323@log.py]
Added a console handler.

[2020-04-13 07:58:38,510 UTC] [tuf] [DEBUG] [add_console_handler:323@log.py]
Added a console handler.

[2020-04-13 07:58:38,700 UTC] [tuf] [DEBUG] [add_console_handler:323@log.py]
Added a console handler.

[2020-04-13 07:58:42,087 UTC] [tuf] [DEBUG] [add_console_handler:323@log.py]
Added a console handler.

[2020-04-13 07:58:42,286 UTC] [tuf] [DEBUG] [add_console_handler:323@log.py]
Added a console handler.

[2020-04-13 07:58:45,330 UTC] [tuf] [DEBUG] [add_console_handler:323@log.py]
Added a console handler.

[2020-04-13 08:00:35,983 UTC] [tuf] [DEBUG] [add_console_handler:323@log.py]
Added a console handler.

[2020-04-13 08:00:36,020 UTC] [tuf] [DEBUG] [add_console_handler:323@log.py]
Added a console handler.

[2020-04-13 08:00:57,049 UTC] [tuf] [DEBUG] [add_console_handler:323@log.py]
Added a console handler.

[2020-04-13 08:00:58,636 UTC] [tuf] [DEBUG] [add_console_handler:323@log.py]
Added a console handler.

[2020-04-13 08:01:02,310 UTC] [tuf] [DEBUG] [add_console_handler:323@log.py]
Added a console handler.

[2020-04-13 08:01:03,519 UTC] [tuf] [DEBUG] [add_console_handler:323@log.py]
Added a console handler.

[2020-04-13 08:01:30,761 UTC] [tuf] [DEBUG] [add_console_handler:323@log.py]
Added a console handler.

[2020-04-13 08:01:31,108 UTC] [tuf] [DEBUG] [add_console_handler:323@log.py]
Added a console handler.

[2020-04-13 08:01:46,394 UTC] [tuf] [DEBUG] [add_console_handler:323@log.py]
Added a console handler.

[2020-04-13 08:01:46,438 UTC] [tuf] [DEBUG] [add_console_handler:323@log.py]
Added a console handler.

[2020-04-13 08:01:55,431 UTC] [tuf] [DEBUG] [add_console_handler:323@log.py]
Added a console handler.

[2020-04-13 08:01:55,648 UTC] [tuf] [DEBUG] [add_console_handler:323@log.py]
Added a console handler.

[2020-04-13 08:05:15,879 UTC] [tuf] [DEBUG] [add_console_handler:323@log.py]
Added a console handler.

[2020-04-13 08:05:15,946 UTC] [tuf] [DEBUG] [add_console_handler:323@log.py]
Added a console handler.

[2020-04-13 08:05:29,695 UTC] [tuf] [DEBUG] [add_console_handler:323@log.py]
Added a console handler.

[2020-04-13 08:05:31,074 UTC] [tuf] [DEBUG] [add_console_handler:323@log.py]
Added a console handler.

[2020-04-13 08:05:44,902 UTC] [tuf] [DEBUG] [add_console_handler:323@log.py]
Added a console handler.

[2020-04-13 08:05:45,165 UTC] [tuf] [DEBUG] [add_console_handler:323@log.py]
Added a console handler.

[2020-04-13 08:08:54,980 UTC] [tuf] [DEBUG] [add_console_handler:323@log.py]
Added a console handler.

[2020-04-13 08:08:54,993 UTC] [tuf] [DEBUG] [add_console_handler:323@log.py]
Added a console handler.

[2020-04-13 08:10:30,702 UTC] [tuf] [DEBUG] [add_console_handler:323@log.py]
Added a console handler.

[2020-04-13 08:10:30,718 UTC] [tuf] [DEBUG] [add_console_handler:323@log.py]
Added a console handler.

[2020-04-13 08:10:38,843 UTC] [tuf] [DEBUG] [add_console_handler:323@log.py]
Added a console handler.

[2020-04-13 08:10:38,884 UTC] [tuf] [DEBUG] [add_console_handler:323@log.py]
Added a console handler.

[2020-04-13 08:12:51,656 UTC] [tuf] [DEBUG] [add_console_handler:323@log.py]
Added a console handler.

[2020-04-13 08:12:51,675 UTC] [tuf] [DEBUG] [add_console_handler:323@log.py]
Added a console handler.

[2020-04-13 08:14:13,340 UTC] [tuf] [DEBUG] [add_console_handler:323@log.py]
Added a console handler.

[2020-04-13 08:15:37,416 UTC] [tuf] [DEBUG] [add_console_handler:323@log.py]
Added a console handler.

[2020-04-13 11:55:22,816 UTC] [tuf] [DEBUG] [add_console_handler:323@log.py]
Added a console handler.

[2020-04-13 14:19:02,132 UTC] [tuf] [DEBUG] [add_console_handler:323@log.py]
Added a console handler.

[2020-04-13 14:19:03,453 UTC] [tuf] [DEBUG] [add_console_handler:323@log.py]
Added a console handler.

[2020-04-13 14:19:35,183 UTC] [tuf] [DEBUG] [add_console_handler:323@log.py]
Added a console handler.

[2020-04-13 14:19:38,854 UTC] [tuf] [DEBUG] [add_console_handler:323@log.py]
Added a console handler.

[2020-04-13 14:19:39,790 UTC] [tuf] [DEBUG] [add_console_handler:323@log.py]
Added a console handler.

[2020-04-13 14:19:57,269 UTC] [tuf] [DEBUG] [add_console_handler:323@log.py]
Added a console handler.

[2020-04-13 14:20:01,625 UTC] [tuf] [DEBUG] [add_console_handler:323@log.py]
Added a console handler.

[2020-04-13 14:20:02,849 UTC] [tuf] [DEBUG] [add_console_handler:323@log.py]
Added a console handler.

[2020-04-13 14:20:15,542 UTC] [tuf] [DEBUG] [add_console_handler:323@log.py]
Added a console handler.

[2020-04-13 14:20:21,020 UTC] [tuf] [DEBUG] [add_console_handler:323@log.py]
Added a console handler.

[2020-04-13 14:20:32,629 UTC] [tuf] [DEBUG] [add_console_handler:323@log.py]
Added a console handler.

[2020-04-13 14:20:34,737 UTC] [tuf] [DEBUG] [add_console_handler:323@log.py]
Added a console handler.

[2020-04-13 14:20:35,650 UTC] [tuf] [DEBUG] [add_console_handler:323@log.py]
Added a console handler.

[2020-04-13 14:20:39,198 UTC] [tuf] [DEBUG] [add_console_handler:323@log.py]
Added a console handler.

[2020-04-13 14:21:42,741 UTC] [tuf] [DEBUG] [add_console_handler:323@log.py]
Added a console handler.

[2020-04-13 14:22:14,573 UTC] [tuf] [DEBUG] [add_console_handler:323@log.py]
Added a console handler.

[2020-04-13 14:22:20,043 UTC] [tuf] [DEBUG] [add_console_handler:323@log.py]
Added a console handler.

[2020-04-13 14:22:20,974 UTC] [tuf] [DEBUG] [add_console_handler:323@log.py]
Added a console handler.

[2020-04-13 14:23:02,440 UTC] [tuf] [DEBUG] [add_console_handler:323@log.py]
Added a console handler.

[2020-04-13 14:23:03,835 UTC] [tuf] [DEBUG] [add_console_handler:323@log.py]
Added a console handler.

[2020-04-13 14:28:27,134 UTC] [tuf] [DEBUG] [add_console_handler:323@log.py]
Added a console handler.

[2020-04-13 14:28:28,072 UTC] [tuf] [DEBUG] [add_console_handler:323@log.py]
Added a console handler.

[2020-04-13 14:28:46,216 UTC] [tuf] [DEBUG] [add_console_handler:323@log.py]
Added a console handler.

[2020-04-13 14:28:49,678 UTC] [tuf] [DEBUG] [add_console_handler:323@log.py]
Added a console handler.

[2020-04-13 14:28:50,473 UTC] [tuf] [DEBUG] [add_console_handler:323@log.py]
Added a console handler.

[2020-04-13 14:33:09,082 UTC] [tuf] [DEBUG] [add_console_handler:323@log.py]
Added a console handler.

[2020-04-13 14:33:10,250 UTC] [tuf] [DEBUG] [add_console_handler:323@log.py]
Added a console handler.

[2020-04-13 14:33:20,693 UTC] [tuf] [DEBUG] [add_console_handler:323@log.py]
Added a console handler.

[2020-04-13 14:33:51,380 UTC] [tuf] [DEBUG] [add_console_handler:323@log.py]
Added a console handler.

[2020-04-13 14:33:52,171 UTC] [tuf] [DEBUG] [add_console_handler:323@log.py]
Added a console handler.

[2020-04-13 14:34:08,149 UTC] [tuf] [DEBUG] [add_console_handler:323@log.py]
Added a console handler.

[2020-04-13 14:34:25,939 UTC] [tuf] [DEBUG] [add_console_handler:323@log.py]
Added a console handler.

[2020-04-13 14:34:26,870 UTC] [tuf] [DEBUG] [add_console_handler:323@log.py]
Added a console handler.

[2020-04-13 14:35:57,362 UTC] [tuf] [DEBUG] [add_console_handler:323@log.py]
Added a console handler.

[2020-04-13 14:42:18,950 UTC] [tuf] [DEBUG] [add_console_handler:323@log.py]
Added a console handler.

[2020-04-13 14:42:19,756 UTC] [tuf] [DEBUG] [add_console_handler:323@log.py]
Added a console handler.

[2020-04-13 14:44:24,426 UTC] [tuf] [DEBUG] [add_console_handler:323@log.py]
Added a console handler.

[2020-04-13 14:44:51,450 UTC] [tuf] [DEBUG] [add_console_handler:323@log.py]
Added a console handler.

[2020-04-13 14:45:12,327 UTC] [tuf] [DEBUG] [add_console_handler:323@log.py]
Added a console handler.

[2020-04-14 00:25:46,708 UTC] [tuf] [DEBUG] [add_console_handler:323@log.py]
Added a console handler.

[2020-04-14 00:25:52,828 UTC] [tuf] [DEBUG] [add_console_handler:323@log.py]
Added a console handler.

[2020-04-14 00:25:53,677 UTC] [tuf] [DEBUG] [add_console_handler:323@log.py]
Added a console handler.

[2020-04-14 00:26:00,709 UTC] [tuf] [DEBUG] [add_console_handler:323@log.py]
Added a console handler.

[2020-04-14 00:26:18,595 UTC] [tuf] [DEBUG] [add_console_handler:323@log.py]
Added a console handler.

[2020-04-14 00:26:29,726 UTC] [tuf] [DEBUG] [add_console_handler:323@log.py]
Added a console handler.

[2020-04-14 00:26:53,399 UTC] [tuf] [DEBUG] [add_console_handler:323@log.py]
Added a console handler.

[2020-04-14 00:27:46,263 UTC] [tuf] [DEBUG] [add_console_handler:323@log.py]
Added a console handler.

[2020-04-14 00:29:40,377 UTC] [tuf] [DEBUG] [add_console_handler:323@log.py]
Added a console handler.

[2020-04-14 00:31:10,988 UTC] [tuf] [DEBUG] [add_console_handler:323@log.py]
Added a console handler.

[2020-04-14 00:35:58,839 UTC] [tuf] [DEBUG] [add_console_handler:323@log.py]
Added a console handler.

[2020-04-14 00:36:00,126 UTC] [tuf.util] [DEBUG] [load_json_file:984@util.py]
open(C:\2020\uptane-django\uptane_django\uptane_django\..\..\keys\directorroot.pub)

[2020-04-14 00:36:01,448 UTC] [tuf.util] [DEBUG] [load_json_file:984@util.py]
open(C:\2020\uptane-django\uptane_django\uptane_django\..\..\keys\directortimestamp.pub)

[2020-04-14 00:36:02,571 UTC] [tuf.util] [DEBUG] [load_json_file:984@util.py]
open(C:\2020\uptane-django\uptane_django\uptane_django\..\..\keys\directorsnapshot.pub)

[2020-04-14 00:36:03,718 UTC] [tuf.util] [DEBUG] [load_json_file:984@util.py]
open(C:\2020\uptane-django\uptane_django\uptane_django\..\..\keys\director.pub)

[2020-04-14 00:36:04,479 UTC] [tuf] [DEBUG] [add_console_handler:323@log.py]
Added a console handler.

[2020-04-14 00:36:05,681 UTC] [tuf.util] [DEBUG] [load_json_file:984@util.py]
open(C:\2020\uptane-django\uptane_django\uptane_django\..\..\keys\directorroot.pub)

[2020-04-14 00:36:07,103 UTC] [tuf.util] [DEBUG] [load_json_file:984@util.py]
open(C:\2020\uptane-django\uptane_django\uptane_django\..\..\keys\directortimestamp.pub)

[2020-04-14 00:36:08,245 UTC] [tuf.util] [DEBUG] [load_json_file:984@util.py]
open(C:\2020\uptane-django\uptane_django\uptane_django\..\..\keys\directorsnapshot.pub)

[2020-04-14 00:36:09,354 UTC] [tuf.util] [DEBUG] [load_json_file:984@util.py]
open(C:\2020\uptane-django\uptane_django\uptane_django\..\..\keys\director.pub)

[2020-04-14 00:37:23,944 UTC] [tuf] [DEBUG] [add_console_handler:323@log.py]
Added a console handler.

[2020-04-14 00:37:25,500 UTC] [tuf.util] [DEBUG] [load_json_file:984@util.py]
open(C:\2020\uptane-django\uptane_django\uptane_django\..\..\keys\directorroot.pub)

[2020-04-14 00:37:26,696 UTC] [tuf.util] [DEBUG] [load_json_file:984@util.py]
open(C:\2020\uptane-django\uptane_django\uptane_django\..\..\keys\directortimestamp.pub)

[2020-04-14 00:37:27,959 UTC] [tuf.util] [DEBUG] [load_json_file:984@util.py]
open(C:\2020\uptane-django\uptane_django\uptane_django\..\..\keys\directorsnapshot.pub)

[2020-04-14 00:37:29,084 UTC] [tuf.util] [DEBUG] [load_json_file:984@util.py]
open(C:\2020\uptane-django\uptane_django\uptane_django\..\..\keys\director.pub)

[2020-04-14 00:38:38,468 UTC] [tuf] [DEBUG] [add_console_handler:323@log.py]
Added a console handler.

[2020-04-14 00:38:44,259 UTC] [tuf] [DEBUG] [add_console_handler:323@log.py]
Added a console handler.

[2020-04-14 00:38:45,799 UTC] [tuf.util] [DEBUG] [load_json_file:984@util.py]
open(C:\2020\uptane-django\uptane_django\uptane_django\..\..\keys\directorroot.pub)

[2020-04-14 00:38:47,205 UTC] [tuf.util] [DEBUG] [load_json_file:984@util.py]
open(C:\2020\uptane-django\uptane_django\uptane_django\..\..\keys\directortimestamp.pub)

[2020-04-14 00:38:48,460 UTC] [tuf.util] [DEBUG] [load_json_file:984@util.py]
open(C:\2020\uptane-django\uptane_django\uptane_django\..\..\keys\directorsnapshot.pub)

[2020-04-14 00:38:49,625 UTC] [tuf.util] [DEBUG] [load_json_file:984@util.py]
open(C:\2020\uptane-django\uptane_django\uptane_django\..\..\keys\director.pub)

[2020-04-14 00:41:16,043 UTC] [tuf] [DEBUG] [add_console_handler:323@log.py]
Added a console handler.

[2020-04-14 00:41:17,349 UTC] [tuf.util] [DEBUG] [load_json_file:984@util.py]
open(C:\2020\uptane-django\uptane_django\uptane_django\..\..\keys\directorroot.pub)

[2020-04-14 00:41:18,430 UTC] [tuf.util] [DEBUG] [load_json_file:984@util.py]
open(C:\2020\uptane-django\uptane_django\uptane_django\..\..\keys\directortimestamp.pub)

[2020-04-14 00:41:19,508 UTC] [tuf.util] [DEBUG] [load_json_file:984@util.py]
open(C:\2020\uptane-django\uptane_django\uptane_django\..\..\keys\directorsnapshot.pub)

[2020-04-14 00:41:20,617 UTC] [tuf.util] [DEBUG] [load_json_file:984@util.py]
open(C:\2020\uptane-django\uptane_django\uptane_django\..\..\keys\director.pub)

[2020-04-14 00:41:32,731 UTC] [tuf] [DEBUG] [add_console_handler:323@log.py]
Added a console handler.

[2020-04-14 00:41:33,981 UTC] [tuf.util] [DEBUG] [load_json_file:984@util.py]
open(C:\2020\uptane-django\uptane_django\uptane_django\..\..\keys\directorroot.pub)

[2020-04-14 00:41:35,393 UTC] [tuf.util] [DEBUG] [load_json_file:984@util.py]
open(C:\2020\uptane-django\uptane_django\uptane_django\..\..\keys\directortimestamp.pub)

[2020-04-14 00:41:36,663 UTC] [tuf.util] [DEBUG] [load_json_file:984@util.py]
open(C:\2020\uptane-django\uptane_django\uptane_django\..\..\keys\directorsnapshot.pub)

[2020-04-14 00:41:37,796 UTC] [tuf.util] [DEBUG] [load_json_file:984@util.py]
open(C:\2020\uptane-django\uptane_django\uptane_django\..\..\keys\director.pub)

[2020-04-14 00:44:45,577 UTC] [tuf] [DEBUG] [add_console_handler:323@log.py]
Added a console handler.

[2020-04-14 00:44:47,006 UTC] [tuf.util] [DEBUG] [load_json_file:984@util.py]
open(C:\2020\uptane-django\uptane_django\uptane_django\..\..\keys\directorroot.pub)

[2020-04-14 00:44:48,270 UTC] [tuf.util] [DEBUG] [load_json_file:984@util.py]
open(C:\2020\uptane-django\uptane_django\uptane_django\..\..\keys\directortimestamp.pub)

[2020-04-14 00:44:49,543 UTC] [tuf.util] [DEBUG] [load_json_file:984@util.py]
open(C:\2020\uptane-django\uptane_django\uptane_django\..\..\keys\directorsnapshot.pub)

[2020-04-14 00:44:50,880 UTC] [tuf.util] [DEBUG] [load_json_file:984@util.py]
open(C:\2020\uptane-django\uptane_django\uptane_django\..\..\keys\director.pub)

[2020-04-14 00:44:59,723 UTC] [tuf] [DEBUG] [add_console_handler:323@log.py]
Added a console handler.

[2020-04-14 00:45:01,024 UTC] [tuf.util] [DEBUG] [load_json_file:984@util.py]
open(C:\2020\uptane-django\uptane_django\uptane_django\..\..\keys\directorroot.pub)

[2020-04-14 00:45:02,139 UTC] [tuf.util] [DEBUG] [load_json_file:984@util.py]
open(C:\2020\uptane-django\uptane_django\uptane_django\..\..\keys\directortimestamp.pub)

[2020-04-14 00:45:03,229 UTC] [tuf.util] [DEBUG] [load_json_file:984@util.py]
open(C:\2020\uptane-django\uptane_django\uptane_django\..\..\keys\directorsnapshot.pub)

[2020-04-14 00:45:04,321 UTC] [tuf.util] [DEBUG] [load_json_file:984@util.py]
open(C:\2020\uptane-django\uptane_django\uptane_django\..\..\keys\director.pub)

[2020-04-14 00:45:49,073 UTC] [tuf] [DEBUG] [add_console_handler:323@log.py]
Added a console handler.

[2020-04-14 00:45:50,272 UTC] [tuf.util] [DEBUG] [load_json_file:984@util.py]
open(C:\2020\uptane-django\uptane_django\uptane_django\..\..\keys\directorroot.pub)

[2020-04-14 00:45:51,399 UTC] [tuf.util] [DEBUG] [load_json_file:984@util.py]
open(C:\2020\uptane-django\uptane_django\uptane_django\..\..\keys\directortimestamp.pub)

[2020-04-14 00:45:52,498 UTC] [tuf.util] [DEBUG] [load_json_file:984@util.py]
open(C:\2020\uptane-django\uptane_django\uptane_django\..\..\keys\directorsnapshot.pub)

[2020-04-14 00:45:53,589 UTC] [tuf.util] [DEBUG] [load_json_file:984@util.py]
open(C:\2020\uptane-django\uptane_django\uptane_django\..\..\keys\director.pub)

[2020-04-14 00:47:16,134 UTC] [tuf] [DEBUG] [add_console_handler:323@log.py]
Added a console handler.

[2020-04-14 00:48:31,943 UTC] [tuf] [DEBUG] [add_console_handler:323@log.py]
Added a console handler.

[2020-04-14 00:48:32,662 UTC] [tuf] [DEBUG] [add_console_handler:323@log.py]
Added a console handler.

[2020-04-14 00:55:41,141 UTC] [tuf] [DEBUG] [add_console_handler:323@log.py]
Added a console handler.

[2020-04-14 00:55:41,904 UTC] [tuf] [DEBUG] [add_console_handler:323@log.py]
Added a console handler.

[2020-04-14 00:56:19,390 UTC] [tuf] [DEBUG] [add_console_handler:323@log.py]
Added a console handler.

[2020-04-14 00:56:20,143 UTC] [tuf] [DEBUG] [add_console_handler:323@log.py]
Added a console handler.

[2020-04-14 00:58:55,476 UTC] [tuf] [DEBUG] [add_console_handler:323@log.py]
Added a console handler.

[2020-04-14 00:58:56,196 UTC] [tuf] [DEBUG] [add_console_handler:323@log.py]
Added a console handler.

[2020-04-14 00:59:37,188 UTC] [tuf] [DEBUG] [add_console_handler:323@log.py]
Added a console handler.

[2020-04-14 00:59:42,985 UTC] [tuf] [DEBUG] [add_console_handler:323@log.py]
Added a console handler.

[2020-04-14 00:59:43,693 UTC] [tuf] [DEBUG] [add_console_handler:323@log.py]
Added a console handler.

[2020-04-14 01:01:26,792 UTC] [tuf] [DEBUG] [add_console_handler:323@log.py]
Added a console handler.

[2020-04-14 01:01:27,531 UTC] [tuf] [DEBUG] [add_console_handler:323@log.py]
Added a console handler.

[2020-04-14 01:01:42,038 UTC] [tuf] [DEBUG] [add_console_handler:323@log.py]
Added a console handler.

[2020-04-14 01:01:43,254 UTC] [tuf.util] [DEBUG] [load_json_file:984@util.py]
open(C:\2020\uptane-django\uptane_django\uptane_django\..\..\keys\directorroot.pub)

[2020-04-14 01:01:44,338 UTC] [tuf.util] [DEBUG] [load_json_file:984@util.py]
open(C:\2020\uptane-django\uptane_django\uptane_django\..\..\keys\directortimestamp.pub)

[2020-04-14 01:01:45,917 UTC] [tuf.util] [DEBUG] [load_json_file:984@util.py]
open(C:\2020\uptane-django\uptane_django\uptane_django\..\..\keys\directorsnapshot.pub)

[2020-04-14 01:01:47,062 UTC] [tuf.util] [DEBUG] [load_json_file:984@util.py]
open(C:\2020\uptane-django\uptane_django\uptane_django\..\..\keys\director.pub)

[2020-04-14 01:01:47,764 UTC] [tuf] [DEBUG] [add_console_handler:323@log.py]
Added a console handler.

[2020-04-14 01:01:48,997 UTC] [tuf.util] [DEBUG] [load_json_file:984@util.py]
open(C:\2020\uptane-django\uptane_django\uptane_django\..\..\keys\directorroot.pub)

[2020-04-14 01:01:50,094 UTC] [tuf.util] [DEBUG] [load_json_file:984@util.py]
open(C:\2020\uptane-django\uptane_django\uptane_django\..\..\keys\directortimestamp.pub)

[2020-04-14 01:01:51,414 UTC] [tuf.util] [DEBUG] [load_json_file:984@util.py]
open(C:\2020\uptane-django\uptane_django\uptane_django\..\..\keys\directorsnapshot.pub)

[2020-04-14 01:01:52,654 UTC] [tuf.util] [DEBUG] [load_json_file:984@util.py]
open(C:\2020\uptane-django\uptane_django\uptane_django\..\..\keys\director.pub)

[2020-04-14 01:02:34,397 UTC] [tuf] [DEBUG] [add_console_handler:323@log.py]
Added a console handler.

[2020-04-14 01:02:35,230 UTC] [tuf] [DEBUG] [add_console_handler:323@log.py]
Added a console handler.

[2020-04-14 01:02:52,669 UTC] [tuf] [DEBUG] [add_console_handler:323@log.py]
Added a console handler.

[2020-04-14 01:02:53,400 UTC] [tuf] [DEBUG] [add_console_handler:323@log.py]
Added a console handler.

[2020-04-14 01:03:39,078 UTC] [tuf] [DEBUG] [add_console_handler:323@log.py]
Added a console handler.

[2020-04-14 01:03:40,611 UTC] [tuf.util] [DEBUG] [load_json_file:984@util.py]
open(C:\2020\uptane-django\uptane_django\uptane_django\..\..\keys\directorroot.pub)

[2020-04-14 01:03:42,341 UTC] [tuf.util] [DEBUG] [load_json_file:984@util.py]
open(C:\2020\uptane-django\uptane_django\uptane_django\..\..\keys\directortimestamp.pub)

[2020-04-14 01:03:43,714 UTC] [tuf.util] [DEBUG] [load_json_file:984@util.py]
open(C:\2020\uptane-django\uptane_django\uptane_django\..\..\keys\directorsnapshot.pub)

[2020-04-14 01:03:45,378 UTC] [tuf.util] [DEBUG] [load_json_file:984@util.py]
open(C:\2020\uptane-django\uptane_django\uptane_django\..\..\keys\director.pub)

[2020-04-14 01:03:46,393 UTC] [tuf] [DEBUG] [add_console_handler:323@log.py]
Added a console handler.

[2020-04-14 01:03:47,970 UTC] [tuf.util] [DEBUG] [load_json_file:984@util.py]
open(C:\2020\uptane-django\uptane_django\uptane_django\..\..\keys\directorroot.pub)

[2020-04-14 01:03:49,328 UTC] [tuf.util] [DEBUG] [load_json_file:984@util.py]
open(C:\2020\uptane-django\uptane_django\uptane_django\..\..\keys\directortimestamp.pub)

[2020-04-14 01:03:50,409 UTC] [tuf.util] [DEBUG] [load_json_file:984@util.py]
open(C:\2020\uptane-django\uptane_django\uptane_django\..\..\keys\directorsnapshot.pub)

[2020-04-14 01:03:51,541 UTC] [tuf.util] [DEBUG] [load_json_file:984@util.py]
open(C:\2020\uptane-django\uptane_django\uptane_django\..\..\keys\director.pub)

[2020-04-14 01:05:02,493 UTC] [tuf] [DEBUG] [add_console_handler:323@log.py]
Added a console handler.

[2020-04-14 01:05:03,252 UTC] [tuf] [DEBUG] [add_console_handler:323@log.py]
Added a console handler.

[2020-04-14 01:05:33,123 UTC] [tuf] [DEBUG] [add_console_handler:323@log.py]
Added a console handler.

[2020-04-14 01:05:52,023 UTC] [tuf] [DEBUG] [add_console_handler:323@log.py]
Added a console handler.

[2020-04-14 01:06:49,327 UTC] [tuf] [DEBUG] [add_console_handler:323@log.py]
Added a console handler.

[2020-04-14 01:06:50,623 UTC] [tuf.util] [DEBUG] [load_json_file:984@util.py]
open(C:\2020\uptane-django\uptane_django\uptane_django\..\..\keys\directorroot.pub)

[2020-04-14 01:06:51,766 UTC] [tuf.util] [DEBUG] [load_json_file:984@util.py]
open(C:\2020\uptane-django\uptane_django\uptane_django\..\..\keys\directortimestamp.pub)

[2020-04-14 01:06:52,847 UTC] [tuf.util] [DEBUG] [load_json_file:984@util.py]
open(C:\2020\uptane-django\uptane_django\uptane_django\..\..\keys\directorsnapshot.pub)

[2020-04-14 01:06:54,209 UTC] [tuf.util] [DEBUG] [load_json_file:984@util.py]
open(C:\2020\uptane-django\uptane_django\uptane_django\..\..\keys\director.pub)

[2020-04-14 01:06:54,932 UTC] [tuf] [DEBUG] [add_console_handler:323@log.py]
Added a console handler.

[2020-04-14 01:06:56,183 UTC] [tuf.util] [DEBUG] [load_json_file:984@util.py]
open(C:\2020\uptane-django\uptane_django\uptane_django\..\..\keys\directorroot.pub)

[2020-04-14 01:06:57,267 UTC] [tuf.util] [DEBUG] [load_json_file:984@util.py]
open(C:\2020\uptane-django\uptane_django\uptane_django\..\..\keys\directortimestamp.pub)

[2020-04-14 01:06:58,349 UTC] [tuf.util] [DEBUG] [load_json_file:984@util.py]
open(C:\2020\uptane-django\uptane_django\uptane_django\..\..\keys\directorsnapshot.pub)

[2020-04-14 01:06:59,608 UTC] [tuf.util] [DEBUG] [load_json_file:984@util.py]
open(C:\2020\uptane-django\uptane_django\uptane_django\..\..\keys\director.pub)

[2020-04-14 01:07:13,137 UTC] [tuf] [DEBUG] [add_console_handler:323@log.py]
Added a console handler.

[2020-04-14 01:07:13,864 UTC] [tuf] [DEBUG] [add_console_handler:323@log.py]
Added a console handler.

[2020-04-14 01:07:29,777 UTC] [tuf] [DEBUG] [add_console_handler:323@log.py]
Added a console handler.

[2020-04-14 01:07:30,452 UTC] [tuf] [DEBUG] [add_console_handler:323@log.py]
Added a console handler.

[2020-04-14 01:08:15,769 UTC] [tuf] [DEBUG] [add_console_handler:323@log.py]
Added a console handler.

[2020-04-14 01:08:16,482 UTC] [tuf] [DEBUG] [add_console_handler:323@log.py]
Added a console handler.

[2020-04-14 01:08:32,578 UTC] [tuf] [DEBUG] [add_console_handler:323@log.py]
Added a console handler.

[2020-04-14 01:08:33,825 UTC] [tuf.util] [DEBUG] [load_json_file:984@util.py]
open(C:\2020\uptane-django\uptane_django\uptane_django\..\..\keys\directorroot.pub)

[2020-04-14 01:08:34,930 UTC] [tuf.util] [DEBUG] [load_json_file:984@util.py]
open(C:\2020\uptane-django\uptane_django\uptane_django\..\..\keys\directortimestamp.pub)

[2020-04-14 01:08:36,020 UTC] [tuf.util] [DEBUG] [load_json_file:984@util.py]
open(C:\2020\uptane-django\uptane_django\uptane_django\..\..\keys\directorsnapshot.pub)

[2020-04-14 01:08:37,137 UTC] [tuf.util] [DEBUG] [load_json_file:984@util.py]
open(C:\2020\uptane-django\uptane_django\uptane_django\..\..\keys\director.pub)

[2020-04-14 01:08:38,046 UTC] [tuf] [DEBUG] [add_console_handler:323@log.py]
Added a console handler.

[2020-04-14 01:08:39,261 UTC] [tuf.util] [DEBUG] [load_json_file:984@util.py]
open(C:\2020\uptane-django\uptane_django\uptane_django\..\..\keys\directorroot.pub)

[2020-04-14 01:08:40,372 UTC] [tuf.util] [DEBUG] [load_json_file:984@util.py]
open(C:\2020\uptane-django\uptane_django\uptane_django\..\..\keys\directortimestamp.pub)

[2020-04-14 01:08:41,478 UTC] [tuf.util] [DEBUG] [load_json_file:984@util.py]
open(C:\2020\uptane-django\uptane_django\uptane_django\..\..\keys\directorsnapshot.pub)

[2020-04-14 01:08:42,574 UTC] [tuf.util] [DEBUG] [load_json_file:984@util.py]
open(C:\2020\uptane-django\uptane_django\uptane_django\..\..\keys\director.pub)

[2020-04-14 01:10:47,421 UTC] [tuf] [DEBUG] [add_console_handler:323@log.py]
Added a console handler.

[2020-04-14 01:14:18,737 UTC] [tuf] [DEBUG] [add_console_handler:323@log.py]
Added a console handler.

[2020-04-14 01:15:10,439 UTC] [tuf] [DEBUG] [add_console_handler:323@log.py]
Added a console handler.

[2020-04-14 01:15:11,648 UTC] [tuf.util] [DEBUG] [load_json_file:984@util.py]
open(C:\2020\uptane-django\uptane_django\uptane_django\..\..\keys\directorroot.pub)

[2020-04-14 01:15:12,743 UTC] [tuf.util] [DEBUG] [load_json_file:984@util.py]
open(C:\2020\uptane-django\uptane_django\uptane_django\..\..\keys\directortimestamp.pub)

[2020-04-14 01:15:13,834 UTC] [tuf.util] [DEBUG] [load_json_file:984@util.py]
open(C:\2020\uptane-django\uptane_django\uptane_django\..\..\keys\directorsnapshot.pub)

[2020-04-14 01:15:15,238 UTC] [tuf.util] [DEBUG] [load_json_file:984@util.py]
open(C:\2020\uptane-django\uptane_django\uptane_django\..\..\keys\director.pub)

[2020-04-14 01:15:25,998 UTC] [tuf] [DEBUG] [add_console_handler:323@log.py]
Added a console handler.

[2020-04-14 01:15:27,197 UTC] [tuf.util] [DEBUG] [load_json_file:984@util.py]
open(C:\2020\uptane-django\uptane_django\uptane_django\..\..\keys\directorroot.pub)

[2020-04-14 01:15:28,290 UTC] [tuf.util] [DEBUG] [load_json_file:984@util.py]
open(C:\2020\uptane-django\uptane_django\uptane_django\..\..\keys\directortimestamp.pub)

[2020-04-14 01:15:29,376 UTC] [tuf.util] [DEBUG] [load_json_file:984@util.py]
open(C:\2020\uptane-django\uptane_django\uptane_django\..\..\keys\directorsnapshot.pub)

[2020-04-14 01:15:30,449 UTC] [tuf.util] [DEBUG] [load_json_file:984@util.py]
open(C:\2020\uptane-django\uptane_django\uptane_django\..\..\keys\director.pub)

[2020-04-14 01:15:33,947 UTC] [tuf] [DEBUG] [add_console_handler:323@log.py]
Added a console handler.

[2020-04-14 01:15:35,123 UTC] [tuf.util] [DEBUG] [load_json_file:984@util.py]
open(C:\2020\uptane-django\uptane_django\uptane_django\..\..\keys\directorroot.pub)

[2020-04-14 01:15:36,210 UTC] [tuf.util] [DEBUG] [load_json_file:984@util.py]
open(C:\2020\uptane-django\uptane_django\uptane_django\..\..\keys\directortimestamp.pub)

[2020-04-14 01:15:37,307 UTC] [tuf.util] [DEBUG] [load_json_file:984@util.py]
open(C:\2020\uptane-django\uptane_django\uptane_django\..\..\keys\directorsnapshot.pub)

[2020-04-14 01:15:38,395 UTC] [tuf.util] [DEBUG] [load_json_file:984@util.py]
open(C:\2020\uptane-django\uptane_django\uptane_django\..\..\keys\director.pub)

[2020-04-14 01:17:54,044 UTC] [tuf] [DEBUG] [add_console_handler:323@log.py]
Added a console handler.

[2020-04-14 01:17:55,256 UTC] [tuf.util] [DEBUG] [load_json_file:984@util.py]
open(C:\2020\uptane-django\uptane_django\uptane_django\..\..\keys\directorroot.pub)

[2020-04-14 01:17:56,628 UTC] [tuf.util] [DEBUG] [load_json_file:984@util.py]
open(C:\2020\uptane-django\uptane_django\uptane_django\..\..\keys\directortimestamp.pub)

[2020-04-14 01:17:57,727 UTC] [tuf.util] [DEBUG] [load_json_file:984@util.py]
open(C:\2020\uptane-django\uptane_django\uptane_django\..\..\keys\directorsnapshot.pub)

[2020-04-14 01:17:58,843 UTC] [tuf.util] [DEBUG] [load_json_file:984@util.py]
open(C:\2020\uptane-django\uptane_django\uptane_django\..\..\keys\director.pub)

[2020-04-14 01:18:02,605 UTC] [tuf] [DEBUG] [add_console_handler:323@log.py]
Added a console handler.

[2020-04-14 01:18:03,987 UTC] [tuf.util] [DEBUG] [load_json_file:984@util.py]
open(C:\2020\uptane-django\uptane_django\uptane_django\..\..\keys\directorroot.pub)

[2020-04-14 01:18:05,254 UTC] [tuf.util] [DEBUG] [load_json_file:984@util.py]
open(C:\2020\uptane-django\uptane_django\uptane_django\..\..\keys\directortimestamp.pub)

[2020-04-14 01:18:06,534 UTC] [tuf.util] [DEBUG] [load_json_file:984@util.py]
open(C:\2020\uptane-django\uptane_django\uptane_django\..\..\keys\directorsnapshot.pub)

[2020-04-14 01:18:07,794 UTC] [tuf.util] [DEBUG] [load_json_file:984@util.py]
open(C:\2020\uptane-django\uptane_django\uptane_django\..\..\keys\director.pub)

[2020-04-14 01:24:09,505 UTC] [tuf] [DEBUG] [add_console_handler:323@log.py]
Added a console handler.

[2020-04-14 01:24:10,751 UTC] [tuf.util] [DEBUG] [load_json_file:984@util.py]
open(C:\2020\uptane-django\uptane_django\uptane_django\..\..\keys\directorroot.pub)

[2020-04-14 01:24:11,871 UTC] [tuf.util] [DEBUG] [load_json_file:984@util.py]
open(C:\2020\uptane-django\uptane_django\uptane_django\..\..\keys\directortimestamp.pub)

[2020-04-14 01:24:12,966 UTC] [tuf.util] [DEBUG] [load_json_file:984@util.py]
open(C:\2020\uptane-django\uptane_django\uptane_django\..\..\keys\directorsnapshot.pub)

[2020-04-14 01:24:14,071 UTC] [tuf.util] [DEBUG] [load_json_file:984@util.py]
open(C:\2020\uptane-django\uptane_django\uptane_django\..\..\keys\director.pub)

[2020-04-14 01:24:19,997 UTC] [tuf] [DEBUG] [add_console_handler:323@log.py]
Added a console handler.

[2020-04-14 01:24:21,314 UTC] [tuf.util] [DEBUG] [load_json_file:984@util.py]
open(C:\2020\uptane-django\uptane_django\uptane_django\..\..\keys\directorroot.pub)

[2020-04-14 01:24:22,429 UTC] [tuf.util] [DEBUG] [load_json_file:984@util.py]
open(C:\2020\uptane-django\uptane_django\uptane_django\..\..\keys\directortimestamp.pub)

[2020-04-14 01:24:23,547 UTC] [tuf.util] [DEBUG] [load_json_file:984@util.py]
open(C:\2020\uptane-django\uptane_django\uptane_django\..\..\keys\directorsnapshot.pub)

[2020-04-14 01:24:24,924 UTC] [tuf.util] [DEBUG] [load_json_file:984@util.py]
open(C:\2020\uptane-django\uptane_django\uptane_django\..\..\keys\director.pub)

[2020-04-14 01:24:25,696 UTC] [tuf] [DEBUG] [add_console_handler:323@log.py]
Added a console handler.

[2020-04-14 01:24:27,001 UTC] [tuf.util] [DEBUG] [load_json_file:984@util.py]
open(C:\2020\uptane-django\uptane_django\uptane_django\..\..\keys\directorroot.pub)

[2020-04-14 01:24:28,316 UTC] [tuf.util] [DEBUG] [load_json_file:984@util.py]
open(C:\2020\uptane-django\uptane_django\uptane_django\..\..\keys\directortimestamp.pub)

[2020-04-14 01:24:29,498 UTC] [tuf.util] [DEBUG] [load_json_file:984@util.py]
open(C:\2020\uptane-django\uptane_django\uptane_django\..\..\keys\directorsnapshot.pub)

[2020-04-14 01:24:30,602 UTC] [tuf.util] [DEBUG] [load_json_file:984@util.py]
open(C:\2020\uptane-django\uptane_django\uptane_django\..\..\keys\director.pub)

[2020-04-14 01:25:26,882 UTC] [tuf] [DEBUG] [add_console_handler:323@log.py]
Added a console handler.

[2020-04-14 01:25:28,052 UTC] [tuf.util] [DEBUG] [load_json_file:984@util.py]
open(C:\2020\uptane-django\uptane_django\uptane_django\..\..\keys\directorroot.pub)

[2020-04-14 01:25:29,131 UTC] [tuf.util] [DEBUG] [load_json_file:984@util.py]
open(C:\2020\uptane-django\uptane_django\uptane_django\..\..\keys\directortimestamp.pub)

[2020-04-14 01:25:30,198 UTC] [tuf.util] [DEBUG] [load_json_file:984@util.py]
open(C:\2020\uptane-django\uptane_django\uptane_django\..\..\keys\directorsnapshot.pub)

[2020-04-14 01:25:31,290 UTC] [tuf.util] [DEBUG] [load_json_file:984@util.py]
open(C:\2020\uptane-django\uptane_django\uptane_django\..\..\keys\director.pub)

[2020-04-14 01:25:31,786 UTC] [tuf.repository_tool] [INFO] [create_new_repository:2876@repository_tool.py]
Creating 'C:\\2020\\uptane-django\\director_repo\\111111'

[2020-04-14 01:25:31,788 UTC] [tuf.repository_tool] [INFO] [create_new_repository:2900@repository_tool.py]
Creating 'C:\\2020\\uptane-django\\director_repo\\111111\\metadata.staged'

[2020-04-14 01:25:31,789 UTC] [tuf.repository_tool] [INFO] [create_new_repository:2913@repository_tool.py]
Creating 'C:\\2020\\uptane-django\\director_repo\\111111\\targets'

[2020-04-14 01:45:18,406 UTC] [tuf] [DEBUG] [add_console_handler:323@log.py]
Added a console handler.

[2020-04-14 01:45:19,618 UTC] [tuf.util] [DEBUG] [load_json_file:984@util.py]
open(C:\2020\uptane-django\uptane_django\uptane_django\..\..\keys\directorroot.pub)

[2020-04-14 01:45:20,734 UTC] [tuf.util] [DEBUG] [load_json_file:984@util.py]
open(C:\2020\uptane-django\uptane_django\uptane_django\..\..\keys\directortimestamp.pub)

[2020-04-14 01:45:21,888 UTC] [tuf.util] [DEBUG] [load_json_file:984@util.py]
open(C:\2020\uptane-django\uptane_django\uptane_django\..\..\keys\directorsnapshot.pub)

[2020-04-14 01:45:23,246 UTC] [tuf.util] [DEBUG] [load_json_file:984@util.py]
open(C:\2020\uptane-django\uptane_django\uptane_django\..\..\keys\director.pub)

[2020-04-14 01:45:23,717 UTC] [tuf.repository_tool] [INFO] [create_new_repository:2876@repository_tool.py]
Creating 'C:\\2020\\uptane-django\\director_repo\\111111'

[2020-04-14 01:45:23,719 UTC] [tuf.repository_tool] [INFO] [create_new_repository:2900@repository_tool.py]
Creating 'C:\\2020\\uptane-django\\director_repo\\111111\\metadata.staged'

[2020-04-14 01:45:23,720 UTC] [tuf.repository_tool] [INFO] [create_new_repository:2913@repository_tool.py]
Creating 'C:\\2020\\uptane-django\\director_repo\\111111\\targets'

[2020-04-14 02:17:32,932 UTC] [tuf] [DEBUG] [add_console_handler:323@log.py]
Added a console handler.

[2020-04-14 02:17:34,201 UTC] [tuf.util] [DEBUG] [load_json_file:984@util.py]
open(C:\2020\uptane-django\uptane_django\uptane_django\..\..\keys\directorroot.pub)

[2020-04-14 02:17:35,645 UTC] [tuf.util] [DEBUG] [load_json_file:984@util.py]
open(C:\2020\uptane-django\uptane_django\uptane_django\..\..\keys\directortimestamp.pub)

[2020-04-14 02:17:36,746 UTC] [tuf.util] [DEBUG] [load_json_file:984@util.py]
open(C:\2020\uptane-django\uptane_django\uptane_django\..\..\keys\directorsnapshot.pub)

[2020-04-14 02:17:37,854 UTC] [tuf.util] [DEBUG] [load_json_file:984@util.py]
open(C:\2020\uptane-django\uptane_django\uptane_django\..\..\keys\director.pub)

[2020-04-14 02:17:38,344 UTC] [tuf.repository_tool] [INFO] [create_new_repository:2876@repository_tool.py]
Creating 'C:\\2020\\uptane-django\\director_repo\\democar'

[2020-04-14 02:17:38,346 UTC] [tuf.repository_tool] [INFO] [create_new_repository:2900@repository_tool.py]
Creating 'C:\\2020\\uptane-django\\director_repo\\democar\\metadata.staged'

[2020-04-14 02:17:38,351 UTC] [tuf.repository_tool] [INFO] [create_new_repository:2913@repository_tool.py]
Creating 'C:\\2020\\uptane-django\\director_repo\\democar\\targets'

[2020-04-14 02:17:51,327 UTC] [tuf] [DEBUG] [add_console_handler:323@log.py]
Added a console handler.

[2020-04-14 02:17:52,531 UTC] [tuf.util] [DEBUG] [load_json_file:984@util.py]
open(C:\2020\uptane-django\uptane_django\uptane_django\..\..\keys\directorroot.pub)

[2020-04-14 02:17:53,612 UTC] [tuf.util] [DEBUG] [load_json_file:984@util.py]
open(C:\2020\uptane-django\uptane_django\uptane_django\..\..\keys\directortimestamp.pub)

[2020-04-14 02:17:54,714 UTC] [tuf.util] [DEBUG] [load_json_file:984@util.py]
open(C:\2020\uptane-django\uptane_django\uptane_django\..\..\keys\directorsnapshot.pub)

[2020-04-14 02:17:55,810 UTC] [tuf.util] [DEBUG] [load_json_file:984@util.py]
open(C:\2020\uptane-django\uptane_django\uptane_django\..\..\keys\director.pub)

[2020-04-14 02:17:56,334 UTC] [tuf.repository_tool] [INFO] [create_new_repository:2876@repository_tool.py]
Creating 'C:\\2020\\uptane-django\\director_repo\\democar'

[2020-04-14 02:17:56,336 UTC] [tuf.repository_tool] [INFO] [create_new_repository:2900@repository_tool.py]
Creating 'C:\\2020\\uptane-django\\director_repo\\democar\\metadata.staged'

[2020-04-14 02:17:56,337 UTC] [tuf.repository_tool] [INFO] [create_new_repository:2913@repository_tool.py]
Creating 'C:\\2020\\uptane-django\\director_repo\\democar\\targets'

[2020-04-14 02:17:56,339 UTC] [tuf.util] [DEBUG] [load_json_file:984@util.py]
open(C:\2020\uptane-django\uptane_django\uptane_django\..\..\keys\primary.pub)

[2020-04-14 02:17:56,340 UTC] [tuf.util] [DEBUG] [load_json_file:984@util.py]
open(C:\2020\uptane-django\uptane_django\uptane_django\..\..\keys\secondary.pub)

[2020-04-14 02:23:40,173 UTC] [tuf] [DEBUG] [add_console_handler:323@log.py]
Added a console handler.

[2020-04-14 02:23:41,809 UTC] [tuf.util] [DEBUG] [load_json_file:984@util.py]
open(C:\2020\uptane-django\uptane_django\uptane_django\..\..\keys\directorroot.pub)

[2020-04-14 02:23:43,179 UTC] [tuf.util] [DEBUG] [load_json_file:984@util.py]
open(C:\2020\uptane-django\uptane_django\uptane_django\..\..\keys\directortimestamp.pub)

[2020-04-14 02:23:44,310 UTC] [tuf.util] [DEBUG] [load_json_file:984@util.py]
open(C:\2020\uptane-django\uptane_django\uptane_django\..\..\keys\directorsnapshot.pub)

[2020-04-14 02:23:45,491 UTC] [tuf.util] [DEBUG] [load_json_file:984@util.py]
open(C:\2020\uptane-django\uptane_django\uptane_django\..\..\keys\director.pub)

[2020-04-14 02:23:46,004 UTC] [tuf.repository_tool] [INFO] [create_new_repository:2876@repository_tool.py]
Creating 'C:\\2020\\uptane-django\\director_repo\\democar'

[2020-04-14 02:23:46,006 UTC] [tuf.repository_tool] [INFO] [create_new_repository:2900@repository_tool.py]
Creating 'C:\\2020\\uptane-django\\director_repo\\democar\\metadata.staged'

[2020-04-14 02:23:46,007 UTC] [tuf.repository_tool] [INFO] [create_new_repository:2913@repository_tool.py]
Creating 'C:\\2020\\uptane-django\\director_repo\\democar\\targets'

[2020-04-14 02:23:46,010 UTC] [tuf.util] [DEBUG] [load_json_file:984@util.py]
open(C:\2020\uptane-django\uptane_django\uptane_django\..\..\keys\primary.pub)

[2020-04-14 02:23:46,010 UTC] [tuf.util] [DEBUG] [load_json_file:984@util.py]
open(C:\2020\uptane-django\uptane_django\uptane_django\..\..\keys\secondary.pub)

[2020-04-14 02:25:04,776 UTC] [tuf] [DEBUG] [add_console_handler:323@log.py]
Added a console handler.

[2020-04-14 02:25:06,108 UTC] [tuf.util] [DEBUG] [load_json_file:984@util.py]
open(C:\2020\uptane-django\uptane_django\uptane_django\..\..\keys\directorroot.pub)

[2020-04-14 02:25:07,309 UTC] [tuf.util] [DEBUG] [load_json_file:984@util.py]
open(C:\2020\uptane-django\uptane_django\uptane_django\..\..\keys\directortimestamp.pub)

[2020-04-14 02:25:08,552 UTC] [tuf.util] [DEBUG] [load_json_file:984@util.py]
open(C:\2020\uptane-django\uptane_django\uptane_django\..\..\keys\directorsnapshot.pub)

[2020-04-14 02:25:09,776 UTC] [tuf.util] [DEBUG] [load_json_file:984@util.py]
open(C:\2020\uptane-django\uptane_django\uptane_django\..\..\keys\director.pub)

[2020-04-14 02:25:10,299 UTC] [tuf.util] [DEBUG] [load_json_file:984@util.py]
open(C:\2020\uptane-django\uptane_django\uptane_django\..\..\keys\primary.pub)

[2020-04-14 02:25:10,300 UTC] [tuf.util] [DEBUG] [load_json_file:984@util.py]
open(C:\2020\uptane-django\uptane_django\uptane_django\..\..\keys\secondary.pub)

[2020-04-14 02:46:27,271 UTC] [tuf] [DEBUG] [add_console_handler:323@log.py]
Added a console handler.

[2020-04-14 02:46:28,631 UTC] [tuf.util] [DEBUG] [load_json_file:984@util.py]
open(C:\2020\uptane-django\uptane_django\uptane_django\..\..\keys\directorroot.pub)

[2020-04-14 02:46:29,758 UTC] [tuf.util] [DEBUG] [load_json_file:984@util.py]
open(C:\2020\uptane-django\uptane_django\uptane_django\..\..\keys\directortimestamp.pub)

[2020-04-14 02:46:30,882 UTC] [tuf.util] [DEBUG] [load_json_file:984@util.py]
open(C:\2020\uptane-django\uptane_django\uptane_django\..\..\keys\directorsnapshot.pub)

[2020-04-14 02:46:32,032 UTC] [tuf.util] [DEBUG] [load_json_file:984@util.py]
open(C:\2020\uptane-django\uptane_django\uptane_django\..\..\keys\director.pub)

[2020-04-14 02:46:32,555 UTC] [tuf.repository_tool] [INFO] [create_new_repository:2876@repository_tool.py]
Creating 'C:\\2020\\uptane-django\\director_repo\\democar'

[2020-04-14 02:46:32,556 UTC] [tuf.repository_tool] [INFO] [create_new_repository:2900@repository_tool.py]
Creating 'C:\\2020\\uptane-django\\director_repo\\democar\\metadata.staged'

[2020-04-14 02:46:32,557 UTC] [tuf.repository_tool] [INFO] [create_new_repository:2913@repository_tool.py]
Creating 'C:\\2020\\uptane-django\\director_repo\\democar\\targets'

[2020-04-14 02:46:32,559 UTC] [tuf.util] [DEBUG] [load_json_file:984@util.py]
open(C:\2020\uptane-django\uptane_django\uptane_django\..\..\keys\primary.pub)

[2020-04-14 02:46:32,560 UTC] [tuf.util] [DEBUG] [load_json_file:984@util.py]
open(C:\2020\uptane-django\uptane_django\uptane_django\..\..\keys\secondary.pub)

[2020-04-14 02:46:53,677 UTC] [tuf] [DEBUG] [add_console_handler:323@log.py]
Added a console handler.

[2020-04-14 02:46:55,143 UTC] [tuf.util] [DEBUG] [load_json_file:984@util.py]
open(C:\2020\uptane-django\uptane_django\uptane_django\..\..\keys\directorroot.pub)

[2020-04-14 02:46:56,524 UTC] [tuf.util] [DEBUG] [load_json_file:984@util.py]
open(C:\2020\uptane-django\uptane_django\uptane_django\..\..\keys\directortimestamp.pub)

[2020-04-14 02:46:57,676 UTC] [tuf.util] [DEBUG] [load_json_file:984@util.py]
open(C:\2020\uptane-django\uptane_django\uptane_django\..\..\keys\directorsnapshot.pub)

[2020-04-14 02:46:58,814 UTC] [tuf.util] [DEBUG] [load_json_file:984@util.py]
open(C:\2020\uptane-django\uptane_django\uptane_django\..\..\keys\director.pub)

[2020-04-14 02:46:59,306 UTC] [tuf.repository_tool] [INFO] [create_new_repository:2876@repository_tool.py]
Creating 'C:\\2020\\uptane-django\\director_repo\\democar'

[2020-04-14 02:46:59,309 UTC] [tuf.repository_tool] [INFO] [create_new_repository:2900@repository_tool.py]
Creating 'C:\\2020\\uptane-django\\director_repo\\democar\\metadata.staged'

[2020-04-14 02:46:59,310 UTC] [tuf.repository_tool] [INFO] [create_new_repository:2913@repository_tool.py]
Creating 'C:\\2020\\uptane-django\\director_repo\\democar\\targets'

[2020-04-14 02:46:59,312 UTC] [tuf.util] [DEBUG] [load_json_file:984@util.py]
open(C:\2020\uptane-django\uptane_django\uptane_django\..\..\keys\primary.pub)

[2020-04-14 02:46:59,312 UTC] [tuf.util] [DEBUG] [load_json_file:984@util.py]
open(C:\2020\uptane-django\uptane_django\uptane_django\..\..\keys\secondary.pub)

[2020-04-14 02:47:20,550 UTC] [tuf] [DEBUG] [add_console_handler:323@log.py]
Added a console handler.

[2020-04-14 02:47:21,848 UTC] [tuf.util] [DEBUG] [load_json_file:984@util.py]
open(C:\2020\uptane-django\uptane_django\uptane_django\..\..\keys\directorroot.pub)

[2020-04-14 02:47:22,979 UTC] [tuf.util] [DEBUG] [load_json_file:984@util.py]
open(C:\2020\uptane-django\uptane_django\uptane_django\..\..\keys\directortimestamp.pub)

[2020-04-14 02:47:24,120 UTC] [tuf.util] [DEBUG] [load_json_file:984@util.py]
open(C:\2020\uptane-django\uptane_django\uptane_django\..\..\keys\directorsnapshot.pub)

[2020-04-14 02:47:25,237 UTC] [tuf.util] [DEBUG] [load_json_file:984@util.py]
open(C:\2020\uptane-django\uptane_django\uptane_django\..\..\keys\director.pub)

[2020-04-14 02:47:25,725 UTC] [tuf.repository_tool] [INFO] [create_new_repository:2876@repository_tool.py]
Creating 'C:\\2020\\uptane-django\\director_repo\\democar'

[2020-04-14 02:47:25,727 UTC] [tuf.repository_tool] [INFO] [create_new_repository:2900@repository_tool.py]
Creating 'C:\\2020\\uptane-django\\director_repo\\democar\\metadata.staged'

[2020-04-14 02:47:25,728 UTC] [tuf.repository_tool] [INFO] [create_new_repository:2913@repository_tool.py]
Creating 'C:\\2020\\uptane-django\\director_repo\\democar\\targets'

[2020-04-14 02:47:25,731 UTC] [tuf.util] [DEBUG] [load_json_file:984@util.py]
open(C:\2020\uptane-django\uptane_django\uptane_django\..\..\keys\primary.pub)

[2020-04-14 02:47:25,731 UTC] [tuf.util] [DEBUG] [load_json_file:984@util.py]
open(C:\2020\uptane-django\uptane_django\uptane_django\..\..\keys\secondary.pub)

[2020-04-14 02:53:17,418 UTC] [tuf] [DEBUG] [add_console_handler:323@log.py]
Added a console handler.

[2020-04-14 02:53:18,693 UTC] [tuf.util] [DEBUG] [load_json_file:984@util.py]
open(C:\2020\uptane-django\uptane_django\uptane_django\..\..\keys\directorroot.pub)

[2020-04-14 02:53:19,793 UTC] [tuf.util] [DEBUG] [load_json_file:984@util.py]
open(C:\2020\uptane-django\uptane_django\uptane_django\..\..\keys\directortimestamp.pub)

[2020-04-14 02:53:20,942 UTC] [tuf.util] [DEBUG] [load_json_file:984@util.py]
open(C:\2020\uptane-django\uptane_django\uptane_django\..\..\keys\directorsnapshot.pub)

[2020-04-14 02:53:22,048 UTC] [tuf.util] [DEBUG] [load_json_file:984@util.py]
open(C:\2020\uptane-django\uptane_django\uptane_django\..\..\keys\director.pub)

[2020-04-14 02:53:22,562 UTC] [tuf.repository_tool] [INFO] [create_new_repository:2876@repository_tool.py]
Creating 'C:\\2020\\uptane-django\\director_repo\\democar'

[2020-04-14 02:53:22,563 UTC] [tuf.repository_tool] [INFO] [create_new_repository:2900@repository_tool.py]
Creating 'C:\\2020\\uptane-django\\director_repo\\democar\\metadata.staged'

[2020-04-14 02:53:22,564 UTC] [tuf.repository_tool] [INFO] [create_new_repository:2913@repository_tool.py]
Creating 'C:\\2020\\uptane-django\\director_repo\\democar\\targets'

[2020-04-14 02:53:22,566 UTC] [tuf.util] [DEBUG] [load_json_file:984@util.py]
open(C:\2020\uptane-django\uptane_django\uptane_django\..\..\keys\primary.pub)

[2020-04-14 02:53:22,567 UTC] [tuf.util] [DEBUG] [load_json_file:984@util.py]
open(C:\2020\uptane-django\uptane_django\uptane_django\..\..\keys\secondary.pub)

[2020-04-14 02:53:55,793 UTC] [tuf] [DEBUG] [add_console_handler:323@log.py]
Added a console handler.

[2020-04-14 02:53:57,088 UTC] [tuf.util] [DEBUG] [load_json_file:984@util.py]
open(C:\2020\uptane-django\uptane_django\uptane_django\..\..\keys\directorroot.pub)

[2020-04-14 02:53:58,276 UTC] [tuf.util] [DEBUG] [load_json_file:984@util.py]
open(C:\2020\uptane-django\uptane_django\uptane_django\..\..\keys\directortimestamp.pub)

[2020-04-14 02:53:59,446 UTC] [tuf.util] [DEBUG] [load_json_file:984@util.py]
open(C:\2020\uptane-django\uptane_django\uptane_django\..\..\keys\directorsnapshot.pub)

[2020-04-14 02:54:00,612 UTC] [tuf.util] [DEBUG] [load_json_file:984@util.py]
open(C:\2020\uptane-django\uptane_django\uptane_django\..\..\keys\director.pub)

[2020-04-14 02:54:01,128 UTC] [tuf.repository_tool] [INFO] [create_new_repository:2876@repository_tool.py]
Creating 'C:\\2020\\uptane-django\\director_repo\\democar'

[2020-04-14 02:54:01,129 UTC] [tuf.repository_tool] [INFO] [create_new_repository:2900@repository_tool.py]
Creating 'C:\\2020\\uptane-django\\director_repo\\democar\\metadata.staged'

[2020-04-14 02:54:01,130 UTC] [tuf.repository_tool] [INFO] [create_new_repository:2913@repository_tool.py]
Creating 'C:\\2020\\uptane-django\\director_repo\\democar\\targets'

[2020-04-14 02:54:01,132 UTC] [tuf.util] [DEBUG] [load_json_file:984@util.py]
open(C:\2020\uptane-django\uptane_django\uptane_django\..\..\keys\primary.pub)

[2020-04-14 02:54:01,133 UTC] [tuf.util] [DEBUG] [load_json_file:984@util.py]
open(C:\2020\uptane-django\uptane_django\uptane_django\..\..\keys\secondary.pub)

[2020-04-14 02:55:35,615 UTC] [tuf] [DEBUG] [add_console_handler:323@log.py]
Added a console handler.

[2020-04-14 02:55:37,001 UTC] [tuf.util] [DEBUG] [load_json_file:984@util.py]
open(C:\2020\uptane-django\uptane_django\uptane_django\..\..\keys\directorroot.pub)

[2020-04-14 02:55:38,164 UTC] [tuf.util] [DEBUG] [load_json_file:984@util.py]
open(C:\2020\uptane-django\uptane_django\uptane_django\..\..\keys\directortimestamp.pub)

[2020-04-14 02:55:39,289 UTC] [tuf.util] [DEBUG] [load_json_file:984@util.py]
open(C:\2020\uptane-django\uptane_django\uptane_django\..\..\keys\directorsnapshot.pub)

[2020-04-14 02:55:40,566 UTC] [tuf.util] [DEBUG] [load_json_file:984@util.py]
open(C:\2020\uptane-django\uptane_django\uptane_django\..\..\keys\director.pub)

[2020-04-14 02:55:41,104 UTC] [tuf.repository_tool] [INFO] [create_new_repository:2876@repository_tool.py]
Creating 'C:\\2020\\uptane-django\\director_repo\\democar'

[2020-04-14 02:55:41,106 UTC] [tuf.repository_tool] [INFO] [create_new_repository:2900@repository_tool.py]
Creating 'C:\\2020\\uptane-django\\director_repo\\democar\\metadata.staged'

[2020-04-14 02:55:41,107 UTC] [tuf.repository_tool] [INFO] [create_new_repository:2913@repository_tool.py]
Creating 'C:\\2020\\uptane-django\\director_repo\\democar\\targets'

[2020-04-14 02:55:41,109 UTC] [tuf.util] [DEBUG] [load_json_file:984@util.py]
open(C:\2020\uptane-django\uptane_django\uptane_django\..\..\keys\primary.pub)

[2020-04-14 02:55:41,110 UTC] [tuf.util] [DEBUG] [load_json_file:984@util.py]
open(C:\2020\uptane-django\uptane_django\uptane_django\..\..\keys\secondary.pub)

[2020-04-14 02:56:48,401 UTC] [tuf] [DEBUG] [add_console_handler:323@log.py]
Added a console handler.

[2020-04-14 02:56:49,839 UTC] [tuf.util] [DEBUG] [load_json_file:984@util.py]
open(C:\2020\uptane-django\uptane_django\uptane_django\..\..\keys\directorroot.pub)

[2020-04-14 02:56:51,310 UTC] [tuf.util] [DEBUG] [load_json_file:984@util.py]
open(C:\2020\uptane-django\uptane_django\uptane_django\..\..\keys\directortimestamp.pub)

[2020-04-14 02:56:52,673 UTC] [tuf.util] [DEBUG] [load_json_file:984@util.py]
open(C:\2020\uptane-django\uptane_django\uptane_django\..\..\keys\directorsnapshot.pub)

[2020-04-14 02:56:54,225 UTC] [tuf.util] [DEBUG] [load_json_file:984@util.py]
open(C:\2020\uptane-django\uptane_django\uptane_django\..\..\keys\director.pub)

[2020-04-14 02:56:54,853 UTC] [tuf.repository_tool] [INFO] [create_new_repository:2876@repository_tool.py]
Creating 'C:\\2020\\uptane-django\\director_repo\\democar'

[2020-04-14 02:56:54,854 UTC] [tuf.repository_tool] [INFO] [create_new_repository:2900@repository_tool.py]
Creating 'C:\\2020\\uptane-django\\director_repo\\democar\\metadata.staged'

[2020-04-14 02:56:54,856 UTC] [tuf.repository_tool] [INFO] [create_new_repository:2913@repository_tool.py]
Creating 'C:\\2020\\uptane-django\\director_repo\\democar\\targets'

[2020-04-14 02:56:54,858 UTC] [tuf.util] [DEBUG] [load_json_file:984@util.py]
open(C:\2020\uptane-django\uptane_django\uptane_django\..\..\keys\primary.pub)

[2020-04-14 02:56:54,858 UTC] [tuf.util] [DEBUG] [load_json_file:984@util.py]
open(C:\2020\uptane-django\uptane_django\uptane_django\..\..\keys\secondary.pub)

[2020-04-14 02:59:49,552 UTC] [tuf] [DEBUG] [add_console_handler:323@log.py]
Added a console handler.

[2020-04-14 02:59:51,257 UTC] [tuf.util] [DEBUG] [load_json_file:984@util.py]
open(C:\2020\uptane-django\uptane_django\uptane_django\..\..\keys\directorroot.pub)

[2020-04-14 02:59:52,759 UTC] [tuf.util] [DEBUG] [load_json_file:984@util.py]
open(C:\2020\uptane-django\uptane_django\uptane_django\..\..\keys\directortimestamp.pub)

[2020-04-14 02:59:54,656 UTC] [tuf.util] [DEBUG] [load_json_file:984@util.py]
open(C:\2020\uptane-django\uptane_django\uptane_django\..\..\keys\directorsnapshot.pub)

[2020-04-14 02:59:56,495 UTC] [tuf.util] [DEBUG] [load_json_file:984@util.py]
open(C:\2020\uptane-django\uptane_django\uptane_django\..\..\keys\director.pub)

[2020-04-14 02:59:57,172 UTC] [tuf.repository_tool] [INFO] [create_new_repository:2876@repository_tool.py]
Creating 'C:\\2020\\uptane-django\\director_repo\\democar'

[2020-04-14 02:59:57,174 UTC] [tuf.repository_tool] [INFO] [create_new_repository:2900@repository_tool.py]
Creating 'C:\\2020\\uptane-django\\director_repo\\democar\\metadata.staged'

[2020-04-14 02:59:57,175 UTC] [tuf.repository_tool] [INFO] [create_new_repository:2913@repository_tool.py]
Creating 'C:\\2020\\uptane-django\\director_repo\\democar\\targets'

[2020-04-14 02:59:57,177 UTC] [tuf.util] [DEBUG] [load_json_file:984@util.py]
open(C:\2020\uptane-django\uptane_django\uptane_django\..\..\keys\primary.pub)

[2020-04-14 02:59:57,177 UTC] [tuf.util] [DEBUG] [load_json_file:984@util.py]
open(C:\2020\uptane-django\uptane_django\uptane_django\..\..\keys\secondary.pub)

[2020-04-14 03:00:36,382 UTC] [tuf] [DEBUG] [add_console_handler:323@log.py]
Added a console handler.

[2020-04-14 03:00:38,201 UTC] [tuf.util] [DEBUG] [load_json_file:984@util.py]
open(C:\2020\uptane-django\uptane_django\uptane_django\..\..\keys\directorroot.pub)

[2020-04-14 03:00:39,710 UTC] [tuf.util] [DEBUG] [load_json_file:984@util.py]
open(C:\2020\uptane-django\uptane_django\uptane_django\..\..\keys\directortimestamp.pub)

[2020-04-14 03:00:41,386 UTC] [tuf.util] [DEBUG] [load_json_file:984@util.py]
open(C:\2020\uptane-django\uptane_django\uptane_django\..\..\keys\directorsnapshot.pub)

[2020-04-14 03:00:43,245 UTC] [tuf.util] [DEBUG] [load_json_file:984@util.py]
open(C:\2020\uptane-django\uptane_django\uptane_django\..\..\keys\director.pub)

[2020-04-14 03:00:43,866 UTC] [tuf.repository_tool] [INFO] [create_new_repository:2876@repository_tool.py]
Creating 'C:\\2020\\uptane-django\\director_repo\\democar'

[2020-04-14 03:00:43,868 UTC] [tuf.repository_tool] [INFO] [create_new_repository:2900@repository_tool.py]
Creating 'C:\\2020\\uptane-django\\director_repo\\democar\\metadata.staged'

[2020-04-14 03:00:43,869 UTC] [tuf.repository_tool] [INFO] [create_new_repository:2913@repository_tool.py]
Creating 'C:\\2020\\uptane-django\\director_repo\\democar\\targets'

[2020-04-14 03:00:43,870 UTC] [tuf.util] [DEBUG] [load_json_file:984@util.py]
open(C:\2020\uptane-django\uptane_django\uptane_django\..\..\keys\primary.pub)

[2020-04-14 03:00:43,871 UTC] [tuf.util] [DEBUG] [load_json_file:984@util.py]
open(C:\2020\uptane-django\uptane_django\uptane_django\..\..\keys\secondary.pub)

[2020-04-14 03:02:32,894 UTC] [tuf] [DEBUG] [add_console_handler:323@log.py]
Added a console handler.

[2020-04-14 03:02:34,299 UTC] [tuf.util] [DEBUG] [load_json_file:984@util.py]
open(C:\2020\uptane-django\uptane_django\uptane_django\..\..\keys\directorroot.pub)

[2020-04-14 03:02:35,502 UTC] [tuf.util] [DEBUG] [load_json_file:984@util.py]
open(C:\2020\uptane-django\uptane_django\uptane_django\..\..\keys\directortimestamp.pub)

[2020-04-14 03:02:36,609 UTC] [tuf.util] [DEBUG] [load_json_file:984@util.py]
open(C:\2020\uptane-django\uptane_django\uptane_django\..\..\keys\directorsnapshot.pub)

[2020-04-14 03:02:37,737 UTC] [tuf.util] [DEBUG] [load_json_file:984@util.py]
open(C:\2020\uptane-django\uptane_django\uptane_django\..\..\keys\director.pub)

[2020-04-14 03:02:38,426 UTC] [tuf.repository_tool] [INFO] [create_new_repository:2876@repository_tool.py]
Creating 'C:\\2020\\uptane-django\\director_repo\\democar'

[2020-04-14 03:02:38,428 UTC] [tuf.repository_tool] [INFO] [create_new_repository:2900@repository_tool.py]
Creating 'C:\\2020\\uptane-django\\director_repo\\democar\\metadata.staged'

[2020-04-14 03:02:38,429 UTC] [tuf.repository_tool] [INFO] [create_new_repository:2913@repository_tool.py]
Creating 'C:\\2020\\uptane-django\\director_repo\\democar\\targets'

[2020-04-14 03:02:38,432 UTC] [tuf.util] [DEBUG] [load_json_file:984@util.py]
open(C:\2020\uptane-django\uptane_django\uptane_django\..\..\keys\primary.pub)

[2020-04-14 03:02:38,433 UTC] [tuf.util] [DEBUG] [load_json_file:984@util.py]
open(C:\2020\uptane-django\uptane_django\uptane_django\..\..\keys\secondary.pub)

[2020-04-14 03:03:19,124 UTC] [tuf] [DEBUG] [add_console_handler:323@log.py]
Added a console handler.

[2020-04-14 03:03:20,474 UTC] [tuf.util] [DEBUG] [load_json_file:984@util.py]
open(C:\2020\uptane-django\uptane_django\uptane_django\..\..\keys\directorroot.pub)

[2020-04-14 03:03:21,599 UTC] [tuf.util] [DEBUG] [load_json_file:984@util.py]
open(C:\2020\uptane-django\uptane_django\uptane_django\..\..\keys\directortimestamp.pub)

[2020-04-14 03:03:22,690 UTC] [tuf.util] [DEBUG] [load_json_file:984@util.py]
open(C:\2020\uptane-django\uptane_django\uptane_django\..\..\keys\directorsnapshot.pub)

[2020-04-14 03:03:23,832 UTC] [tuf.util] [DEBUG] [load_json_file:984@util.py]
open(C:\2020\uptane-django\uptane_django\uptane_django\..\..\keys\director.pub)

[2020-04-14 03:03:24,527 UTC] [tuf.repository_tool] [INFO] [create_new_repository:2876@repository_tool.py]
Creating 'C:\\2020\\uptane-django\\director_repo\\democar'

[2020-04-14 03:03:24,529 UTC] [tuf.repository_tool] [INFO] [create_new_repository:2900@repository_tool.py]
Creating 'C:\\2020\\uptane-django\\director_repo\\democar\\metadata.staged'

[2020-04-14 03:03:24,531 UTC] [tuf.repository_tool] [INFO] [create_new_repository:2913@repository_tool.py]
Creating 'C:\\2020\\uptane-django\\director_repo\\democar\\targets'

[2020-04-14 03:03:24,538 UTC] [tuf.util] [DEBUG] [load_json_file:984@util.py]
open(C:\2020\uptane-django\uptane_django\uptane_django\..\..\keys\primary.pub)

[2020-04-14 03:03:24,539 UTC] [tuf.util] [DEBUG] [load_json_file:984@util.py]
open(C:\2020\uptane-django\uptane_django\uptane_django\..\..\keys\secondary.pub)

[2020-04-14 03:08:48,147 UTC] [tuf] [DEBUG] [add_console_handler:323@log.py]
Added a console handler.

[2020-04-14 03:08:49,398 UTC] [tuf.util] [DEBUG] [load_json_file:984@util.py]
open(C:\2020\uptane-django\uptane_django\uptane_django\..\..\keys\directorroot.pub)

[2020-04-14 03:08:50,524 UTC] [tuf.util] [DEBUG] [load_json_file:984@util.py]
open(C:\2020\uptane-django\uptane_django\uptane_django\..\..\keys\directortimestamp.pub)

[2020-04-14 03:08:51,655 UTC] [tuf.util] [DEBUG] [load_json_file:984@util.py]
open(C:\2020\uptane-django\uptane_django\uptane_django\..\..\keys\directorsnapshot.pub)

[2020-04-14 03:08:52,827 UTC] [tuf.util] [DEBUG] [load_json_file:984@util.py]
open(C:\2020\uptane-django\uptane_django\uptane_django\..\..\keys\director.pub)

[2020-04-14 03:08:53,354 UTC] [tuf.repository_tool] [INFO] [create_new_repository:2876@repository_tool.py]
Creating 'C:\\2020\\uptane-django\\director_repo\\democar'

[2020-04-14 03:08:53,356 UTC] [tuf.repository_tool] [INFO] [create_new_repository:2900@repository_tool.py]
Creating 'C:\\2020\\uptane-django\\director_repo\\democar\\metadata.staged'

[2020-04-14 03:08:53,357 UTC] [tuf.repository_tool] [INFO] [create_new_repository:2913@repository_tool.py]
Creating 'C:\\2020\\uptane-django\\director_repo\\democar\\targets'

[2020-04-14 03:08:53,358 UTC] [tuf.util] [DEBUG] [load_json_file:984@util.py]
open(C:\2020\uptane-django\uptane_django\uptane_django\..\..\keys\primary.pub)

[2020-04-14 03:08:53,359 UTC] [tuf.util] [DEBUG] [load_json_file:984@util.py]
open(C:\2020\uptane-django\uptane_django\uptane_django\..\..\keys\secondary.pub)

[2020-04-14 03:12:25,859 UTC] [tuf] [DEBUG] [add_console_handler:323@log.py]
Added a console handler.

[2020-04-14 03:12:26,675 UTC] [tuf] [DEBUG] [add_console_handler:323@log.py]
Added a console handler.

[2020-04-14 03:12:37,726 UTC] [tuf] [DEBUG] [add_console_handler:323@log.py]
Added a console handler.

[2020-04-14 03:12:39,912 UTC] [tuf.util] [DEBUG] [load_json_file:984@util.py]
open(C:\2020\uptane-django\uptane_django\uptane_django\..\..\keys\directorroot.pub)

[2020-04-14 03:12:41,108 UTC] [tuf.util] [DEBUG] [load_json_file:984@util.py]
open(C:\2020\uptane-django\uptane_django\uptane_django\..\..\keys\directortimestamp.pub)

[2020-04-14 03:12:42,511 UTC] [tuf.util] [DEBUG] [load_json_file:984@util.py]
open(C:\2020\uptane-django\uptane_django\uptane_django\..\..\keys\directorsnapshot.pub)

[2020-04-14 03:12:43,882 UTC] [tuf.util] [DEBUG] [load_json_file:984@util.py]
open(C:\2020\uptane-django\uptane_django\uptane_django\..\..\keys\director.pub)

[2020-04-14 03:12:52,584 UTC] [tuf] [DEBUG] [add_console_handler:323@log.py]
Added a console handler.

[2020-04-14 03:12:54,331 UTC] [tuf.util] [DEBUG] [load_json_file:984@util.py]
open(C:\2020\uptane-django\uptane_django\uptane_django\..\..\keys\directorroot.pub)

[2020-04-14 03:12:55,508 UTC] [tuf.util] [DEBUG] [load_json_file:984@util.py]
open(C:\2020\uptane-django\uptane_django\uptane_django\..\..\keys\directortimestamp.pub)

[2020-04-14 03:12:56,626 UTC] [tuf.util] [DEBUG] [load_json_file:984@util.py]
open(C:\2020\uptane-django\uptane_django\uptane_django\..\..\keys\directorsnapshot.pub)

[2020-04-14 03:12:57,745 UTC] [tuf.util] [DEBUG] [load_json_file:984@util.py]
open(C:\2020\uptane-django\uptane_django\uptane_django\..\..\keys\director.pub)

[2020-04-14 03:13:24,600 UTC] [tuf] [DEBUG] [add_console_handler:323@log.py]
Added a console handler.

[2020-04-14 03:13:25,818 UTC] [tuf.util] [DEBUG] [load_json_file:984@util.py]
open(C:\2020\uptane-django\uptane_django\uptane_django\..\..\keys\directorroot.pub)

[2020-04-14 03:13:26,947 UTC] [tuf.util] [DEBUG] [load_json_file:984@util.py]
open(C:\2020\uptane-django\uptane_django\uptane_django\..\..\keys\directortimestamp.pub)

[2020-04-14 03:13:28,323 UTC] [tuf.util] [DEBUG] [load_json_file:984@util.py]
open(C:\2020\uptane-django\uptane_django\uptane_django\..\..\keys\directorsnapshot.pub)

[2020-04-14 03:13:29,491 UTC] [tuf.util] [DEBUG] [load_json_file:984@util.py]
open(C:\2020\uptane-django\uptane_django\uptane_django\..\..\keys\director.pub)

[2020-04-14 03:13:30,260 UTC] [tuf] [DEBUG] [add_console_handler:323@log.py]
Added a console handler.

[2020-04-14 03:13:31,531 UTC] [tuf.util] [DEBUG] [load_json_file:984@util.py]
open(C:\2020\uptane-django\uptane_django\uptane_django\..\..\keys\directorroot.pub)

[2020-04-14 03:13:32,664 UTC] [tuf.util] [DEBUG] [load_json_file:984@util.py]
open(C:\2020\uptane-django\uptane_django\uptane_django\..\..\keys\directortimestamp.pub)

[2020-04-14 03:13:33,897 UTC] [tuf.util] [DEBUG] [load_json_file:984@util.py]
open(C:\2020\uptane-django\uptane_django\uptane_django\..\..\keys\directorsnapshot.pub)

[2020-04-14 03:13:35,222 UTC] [tuf.util] [DEBUG] [load_json_file:984@util.py]
open(C:\2020\uptane-django\uptane_django\uptane_django\..\..\keys\director.pub)

